[19-Jun-2025 23:44:34 Europe/Berlin] [2025-06-19 23:44:34] === INICIO GUARDAR_PEDIDO.PHP ===
[2025-06-19 23:44:34] === INICIO GUARDAR_PEDIDO.PHP ===
[19-Jun-2025 23:44:34 Europe/Berlin] [2025-06-19 23:44:34] Headers establecidos
[2025-06-19 23:44:34] Headers establecidos
[19-Jun-2025 23:44:34 Europe/Berlin] [2025-06-19 23:44:34] Método HTTP: POST
[2025-06-19 23:44:34] Método HTTP: POST
[19-Jun-2025 23:44:34 Europe/Berlin] [2025-06-19 23:44:34] Content-Type: application/json
[2025-06-19 23:44:34] Content-Type: application/json
[19-Jun-2025 23:44:34 Europe/Berlin] [2025-06-19 23:44:34] ✅ Usuario autenticado con ID: 10
[2025-06-19 23:44:34] ✅ Usuario autenticado con ID: 10
[19-Jun-2025 23:44:34 Europe/Berlin] [2025-06-19 23:44:34] Datos RAW recibidos: {"items":[{"id":"16","name":"caffe irish","priceText":"$30.000","price":30000,"description":"Café con actitud.","imageSmall":"http://localhost/coff_2.0/admin/uploads/5ccdaca84a15255bffcc0a1058df6960.jpg","imageLarge":"admin/uploads/5ccdaca84a15255bffcc0a1058df6960.jpg","imageSrc":"http://localhost/coff_2.0/admin/uploads/5ccdaca84a15255bffcc0a1058df6960.jpg","quantity":1}],"paypal_transaction_id":"2HL388733N599924H","total_amount":30000}
[2025-06-19 23:44:34] Datos RAW recibidos: {"items":[{"id":"16","name":"caffe irish","priceText":"$30.000","price":30000,"description":"Café con actitud.","imageSmall":"http://localhost/coff_2.0/admin/uploads/5ccdaca84a15255bffcc0a1058df6960.jpg","imageLarge":"admin/uploads/5ccdaca84a15255bffcc0a1058df6960.jpg","imageSrc":"http://localhost/coff_2.0/admin/uploads/5ccdaca84a15255bffcc0a1058df6960.jpg","quantity":1}],"paypal_transaction_id":"2HL388733N599924H","total_amount":30000}
[19-Jun-2025 23:44:34 Europe/Berlin] [2025-06-19 23:44:34] Datos JSON decodificados correctamente | Data: {
    "items": [
        {
            "id": "16",
            "name": "caffe irish",
            "priceText": "$30.000",
            "price": 30000,
            "description": "Café con actitud.",
            "imageSmall": "http:\/\/localhost\/coff_2.0\/admin\/uploads\/5ccdaca84a15255bffcc0a1058df6960.jpg",
            "imageLarge": "admin\/uploads\/5ccdaca84a15255bffcc0a1058df6960.jpg",
            "imageSrc": "http:\/\/localhost\/coff_2.0\/admin\/uploads\/5ccdaca84a15255bffcc0a1058df6960.jpg",
            "quantity": 1
        }
    ],
    "paypal_transaction_id": "2HL388733N599924H",
    "total_amount": 30000
}
[2025-06-19 23:44:34] Datos JSON decodificados correctamente | Data: {
    "items": [
        {
            "id": "16",
            "name": "caffe irish",
            "priceText": "$30.000",
            "price": 30000,
            "description": "Café con actitud.",
            "imageSmall": "http:\/\/localhost\/coff_2.0\/admin\/uploads\/5ccdaca84a15255bffcc0a1058df6960.jpg",
            "imageLarge": "admin\/uploads\/5ccdaca84a15255bffcc0a1058df6960.jpg",
            "imageSrc": "http:\/\/localhost\/coff_2.0\/admin\/uploads\/5ccdaca84a15255bffcc0a1058df6960.jpg",
            "quantity": 1
        }
    ],
    "paypal_transaction_id": "2HL388733N599924H",
    "total_amount": 30000
}
[19-Jun-2025 23:44:34 Europe/Berlin] [2025-06-19 23:44:34] Número de items en el carrito: 1
[2025-06-19 23:44:34] Número de items en el carrito: 1
[19-Jun-2025 23:44:34 Europe/Berlin] [2025-06-19 23:44:34] Validando item 0 | Data: {
    "id": "16",
    "name": "caffe irish",
    "priceText": "$30.000",
    "price": 30000,
    "description": "Café con actitud.",
    "imageSmall": "http:\/\/localhost\/coff_2.0\/admin\/uploads\/5ccdaca84a15255bffcc0a1058df6960.jpg",
    "imageLarge": "admin\/uploads\/5ccdaca84a15255bffcc0a1058df6960.jpg",
    "imageSrc": "http:\/\/localhost\/coff_2.0\/admin\/uploads\/5ccdaca84a15255bffcc0a1058df6960.jpg",
    "quantity": 1
}
[2025-06-19 23:44:34] Validando item 0 | Data: {
    "id": "16",
    "name": "caffe irish",
    "priceText": "$30.000",
    "price": 30000,
    "description": "Café con actitud.",
    "imageSmall": "http:\/\/localhost\/coff_2.0\/admin\/uploads\/5ccdaca84a15255bffcc0a1058df6960.jpg",
    "imageLarge": "admin\/uploads\/5ccdaca84a15255bffcc0a1058df6960.jpg",
    "imageSrc": "http:\/\/localhost\/coff_2.0\/admin\/uploads\/5ccdaca84a15255bffcc0a1058df6960.jpg",
    "quantity": 1
}
[19-Jun-2025 23:44:34 Europe/Berlin] [2025-06-19 23:44:34] Validación completa de items | Data: [
    {
        "index": 0,
        "raw_item": {
            "id": "16",
            "name": "caffe irish",
            "priceText": "$30.000",
            "price": 30000,
            "description": "Café con actitud.",
            "imageSmall": "http:\/\/localhost\/coff_2.0\/admin\/uploads\/5ccdaca84a15255bffcc0a1058df6960.jpg",
            "imageLarge": "admin\/uploads\/5ccdaca84a15255bffcc0a1058df6960.jpg",
            "imageSrc": "http:\/\/localhost\/coff_2.0\/admin\/uploads\/5ccdaca84a15255bffcc0a1058df6960.jpg",
            "quantity": 1
        },
        "detected_format": [
            "formato_2 (id, quantity, price)"
        ],
        "processed": {
            "producto_id": 16,
            "cantidad": 1,
            "precio_unitario": 30000,
            "nombre": "caffe irish",
            "subtotal": 30000
        }
    }
]
[2025-06-19 23:44:34] Validación completa de items | Data: [
    {
        "index": 0,
        "raw_item": {
            "id": "16",
            "name": "caffe irish",
            "priceText": "$30.000",
            "price": 30000,
            "description": "Café con actitud.",
            "imageSmall": "http:\/\/localhost\/coff_2.0\/admin\/uploads\/5ccdaca84a15255bffcc0a1058df6960.jpg",
            "imageLarge": "admin\/uploads\/5ccdaca84a15255bffcc0a1058df6960.jpg",
            "imageSrc": "http:\/\/localhost\/coff_2.0\/admin\/uploads\/5ccdaca84a15255bffcc0a1058df6960.jpg",
            "quantity": 1
        },
        "detected_format": [
            "formato_2 (id, quantity, price)"
        ],
        "processed": {
            "producto_id": 16,
            "cantidad": 1,
            "precio_unitario": 30000,
            "nombre": "caffe irish",
            "subtotal": 30000
        }
    }
]
[19-Jun-2025 23:44:34 Europe/Berlin] [2025-06-19 23:44:34] ✅ Validación de items exitosa
[2025-06-19 23:44:34] ✅ Validación de items exitosa
[19-Jun-2025 23:44:34 Europe/Berlin] [2025-06-19 23:44:34] ✅ Conexión a base de datos establecida
[2025-06-19 23:44:34] ✅ Conexión a base de datos establecida
[19-Jun-2025 23:44:34 Europe/Berlin] [2025-06-19 23:44:34] Transacción iniciada
[2025-06-19 23:44:34] Transacción iniciada
[19-Jun-2025 23:44:34 Europe/Berlin] [2025-06-19 23:44:34] Total calculado: 30000
[2025-06-19 23:44:34] Total calculado: 30000
[19-Jun-2025 23:44:34 Europe/Berlin] [2025-06-19 23:44:34] Items procesados | Data: [
    {
        "producto_id": 16,
        "nombre": "caffe irish",
        "cantidad": 1,
        "precio_unitario": 30000,
        "subtotal": 30000
    }
]
[2025-06-19 23:44:34] Items procesados | Data: [
    {
        "producto_id": 16,
        "nombre": "caffe irish",
        "cantidad": 1,
        "precio_unitario": 30000,
        "subtotal": 30000
    }
]
[19-Jun-2025 23:44:34 Europe/Berlin] [2025-06-19 23:44:34] ✅ Pedido principal insertado con ID: 18
[2025-06-19 23:44:34] ✅ Pedido principal insertado con ID: 18
[19-Jun-2025 23:44:34 Europe/Berlin] [2025-06-19 23:44:34] Detalle insertado | Data: {
    "producto_id": 16,
    "nombre": "caffe irish",
    "cantidad": 1,
    "precio_unitario": 30000,
    "subtotal": 30000
}
[2025-06-19 23:44:34] Detalle insertado | Data: {
    "producto_id": 16,
    "nombre": "caffe irish",
    "cantidad": 1,
    "precio_unitario": 30000,
    "subtotal": 30000
}
[19-Jun-2025 23:44:34 Europe/Berlin] [2025-06-19 23:44:34] ✅ Transacción confirmada exitosamente
[2025-06-19 23:44:34] ✅ Transacción confirmada exitosamente
[19-Jun-2025 23:44:34 Europe/Berlin] [2025-06-19 23:44:34] Detalles del pedido para factura | Data: [
    {
        "id": 18,
        "usuario_id": 10,
        "total": "30000.00",
        "fecha_pedido": "2025-06-19 16:44:34",
        "estado": "",
        "producto_id": 16,
        "cantidad": 1,
        "precio_unitario": "30000.00",
        "producto_nombre": "caffe irish"
    }
]
[2025-06-19 23:44:34] Detalles del pedido para factura | Data: [
    {
        "id": 18,
        "usuario_id": 10,
        "total": "30000.00",
        "fecha_pedido": "2025-06-19 16:44:34",
        "estado": "",
        "producto_id": 16,
        "cantidad": 1,
        "precio_unitario": "30000.00",
        "producto_nombre": "caffe irish"
    }
]
[19-Jun-2025 23:44:34 Europe/Berlin] [2025-06-19 23:44:34] ✅ RESPUESTA EXITOSA | Data: {
    "success": true,
    "message": "Pedido guardado exitosamente",
    "pedido_id": 18,
    "usuario_id": 10,
    "total": 30000,
    "items_count": 1,
    "factura_url": "\/coff_2.0\/factura.php?pedido_id=18&auto=1",
    "redirect_to_invoice": true,
    "debug_info": {
        "items_procesados": [
            {
                "producto_id": 16,
                "nombre": "caffe irish",
                "cantidad": 1,
                "precio_unitario": 30000,
                "subtotal": 30000
            }
        ],
        "total_calculado": 30000,
        "fecha_procesamiento": "2025-06-19 23:44:34",
        "detalles_bd": [
            {
                "id": 18,
                "usuario_id": 10,
                "total": "30000.00",
                "fecha_pedido": "2025-06-19 16:44:34",
                "estado": "",
                "producto_id": 16,
                "cantidad": 1,
                "precio_unitario": "30000.00",
                "producto_nombre": "caffe irish"
            }
        ]
    }
}
[2025-06-19 23:44:34] ✅ RESPUESTA EXITOSA | Data: {
    "success": true,
    "message": "Pedido guardado exitosamente",
    "pedido_id": 18,
    "usuario_id": 10,
    "total": 30000,
    "items_count": 1,
    "factura_url": "\/coff_2.0\/factura.php?pedido_id=18&auto=1",
    "redirect_to_invoice": true,
    "debug_info": {
        "items_procesados": [
            {
                "producto_id": 16,
                "nombre": "caffe irish",
                "cantidad": 1,
                "precio_unitario": 30000,
                "subtotal": 30000
            }
        ],
        "total_calculado": 30000,
        "fecha_procesamiento": "2025-06-19 23:44:34",
        "detalles_bd": [
            {
                "id": 18,
                "usuario_id": 10,
                "total": "30000.00",
                "fecha_pedido": "2025-06-19 16:44:34",
                "estado": "",
                "producto_id": 16,
                "cantidad": 1,
                "precio_unitario": "30000.00",
                "producto_nombre": "caffe irish"
            }
        ]
    }
}
[19-Jun-2025 23:44:34 Europe/Berlin] [2025-06-19 23:44:34] Conexión cerrada
[2025-06-19 23:44:34] Conexión cerrada
[19-Jun-2025 23:44:34 Europe/Berlin] [2025-06-19 23:44:34] === FIN GUARDAR_PEDIDO.PHP ===
[2025-06-19 23:44:34] === FIN GUARDAR_PEDIDO.PHP ===
[19-Jun-2025 23:50:05 Europe/Berlin] [2025-06-19 23:50:05] === INICIO GUARDAR_PEDIDO.PHP ===
[2025-06-19 23:50:05] === INICIO GUARDAR_PEDIDO.PHP ===
[19-Jun-2025 23:50:05 Europe/Berlin] [2025-06-19 23:50:05] Headers establecidos
[2025-06-19 23:50:05] Headers establecidos
[19-Jun-2025 23:50:05 Europe/Berlin] [2025-06-19 23:50:05] Método HTTP: POST
[2025-06-19 23:50:05] Método HTTP: POST
[19-Jun-2025 23:50:05 Europe/Berlin] [2025-06-19 23:50:05] Content-Type: application/json
[2025-06-19 23:50:05] Content-Type: application/json
[19-Jun-2025 23:50:05 Europe/Berlin] [2025-06-19 23:50:05] ✅ Usuario autenticado con ID: 10
[2025-06-19 23:50:05] ✅ Usuario autenticado con ID: 10
[19-Jun-2025 23:50:05 Europe/Berlin] [2025-06-19 23:50:05] Datos RAW recibidos: {"items":[{"id":"15","name":"caffe helado","priceText":"$12.000","price":12000,"description":"Energía al instante.","imageSmall":"http://localhost/coff_2.0/admin/uploads/05fc1e7837aa3e84f275ea297707439b.jpg","imageLarge":"admin/uploads/05fc1e7837aa3e84f275ea297707439b.jpg","imageSrc":"http://localhost/coff_2.0/admin/uploads/05fc1e7837aa3e84f275ea297707439b.jpg","quantity":1}],"paypal_transaction_id":"3WS1186681825871B","total_amount":12000}
[2025-06-19 23:50:05] Datos RAW recibidos: {"items":[{"id":"15","name":"caffe helado","priceText":"$12.000","price":12000,"description":"Energía al instante.","imageSmall":"http://localhost/coff_2.0/admin/uploads/05fc1e7837aa3e84f275ea297707439b.jpg","imageLarge":"admin/uploads/05fc1e7837aa3e84f275ea297707439b.jpg","imageSrc":"http://localhost/coff_2.0/admin/uploads/05fc1e7837aa3e84f275ea297707439b.jpg","quantity":1}],"paypal_transaction_id":"3WS1186681825871B","total_amount":12000}
[19-Jun-2025 23:50:05 Europe/Berlin] [2025-06-19 23:50:05] Datos JSON decodificados correctamente | Data: {
    "items": [
        {
            "id": "15",
            "name": "caffe helado",
            "priceText": "$12.000",
            "price": 12000,
            "description": "Energía al instante.",
            "imageSmall": "http:\/\/localhost\/coff_2.0\/admin\/uploads\/05fc1e7837aa3e84f275ea297707439b.jpg",
            "imageLarge": "admin\/uploads\/05fc1e7837aa3e84f275ea297707439b.jpg",
            "imageSrc": "http:\/\/localhost\/coff_2.0\/admin\/uploads\/05fc1e7837aa3e84f275ea297707439b.jpg",
            "quantity": 1
        }
    ],
    "paypal_transaction_id": "3WS1186681825871B",
    "total_amount": 12000
}
[2025-06-19 23:50:05] Datos JSON decodificados correctamente | Data: {
    "items": [
        {
            "id": "15",
            "name": "caffe helado",
            "priceText": "$12.000",
            "price": 12000,
            "description": "Energía al instante.",
            "imageSmall": "http:\/\/localhost\/coff_2.0\/admin\/uploads\/05fc1e7837aa3e84f275ea297707439b.jpg",
            "imageLarge": "admin\/uploads\/05fc1e7837aa3e84f275ea297707439b.jpg",
            "imageSrc": "http:\/\/localhost\/coff_2.0\/admin\/uploads\/05fc1e7837aa3e84f275ea297707439b.jpg",
            "quantity": 1
        }
    ],
    "paypal_transaction_id": "3WS1186681825871B",
    "total_amount": 12000
}
[19-Jun-2025 23:50:05 Europe/Berlin] [2025-06-19 23:50:05] Número de items en el carrito: 1
[2025-06-19 23:50:05] Número de items en el carrito: 1
[19-Jun-2025 23:50:05 Europe/Berlin] [2025-06-19 23:50:05] Validando item 0 | Data: {
    "id": "15",
    "name": "caffe helado",
    "priceText": "$12.000",
    "price": 12000,
    "description": "Energía al instante.",
    "imageSmall": "http:\/\/localhost\/coff_2.0\/admin\/uploads\/05fc1e7837aa3e84f275ea297707439b.jpg",
    "imageLarge": "admin\/uploads\/05fc1e7837aa3e84f275ea297707439b.jpg",
    "imageSrc": "http:\/\/localhost\/coff_2.0\/admin\/uploads\/05fc1e7837aa3e84f275ea297707439b.jpg",
    "quantity": 1
}
[2025-06-19 23:50:05] Validando item 0 | Data: {
    "id": "15",
    "name": "caffe helado",
    "priceText": "$12.000",
    "price": 12000,
    "description": "Energía al instante.",
    "imageSmall": "http:\/\/localhost\/coff_2.0\/admin\/uploads\/05fc1e7837aa3e84f275ea297707439b.jpg",
    "imageLarge": "admin\/uploads\/05fc1e7837aa3e84f275ea297707439b.jpg",
    "imageSrc": "http:\/\/localhost\/coff_2.0\/admin\/uploads\/05fc1e7837aa3e84f275ea297707439b.jpg",
    "quantity": 1
}
[19-Jun-2025 23:50:05 Europe/Berlin] [2025-06-19 23:50:05] Validación completa de items | Data: [
    {
        "index": 0,
        "raw_item": {
            "id": "15",
            "name": "caffe helado",
            "priceText": "$12.000",
            "price": 12000,
            "description": "Energía al instante.",
            "imageSmall": "http:\/\/localhost\/coff_2.0\/admin\/uploads\/05fc1e7837aa3e84f275ea297707439b.jpg",
            "imageLarge": "admin\/uploads\/05fc1e7837aa3e84f275ea297707439b.jpg",
            "imageSrc": "http:\/\/localhost\/coff_2.0\/admin\/uploads\/05fc1e7837aa3e84f275ea297707439b.jpg",
            "quantity": 1
        },
        "detected_format": [
            "formato_2 (id, quantity, price)"
        ],
        "processed": {
            "producto_id": 15,
            "cantidad": 1,
            "precio_unitario": 12000,
            "nombre": "caffe helado",
            "subtotal": 12000
        }
    }
]
[2025-06-19 23:50:05] Validación completa de items | Data: [
    {
        "index": 0,
        "raw_item": {
            "id": "15",
            "name": "caffe helado",
            "priceText": "$12.000",
            "price": 12000,
            "description": "Energía al instante.",
            "imageSmall": "http:\/\/localhost\/coff_2.0\/admin\/uploads\/05fc1e7837aa3e84f275ea297707439b.jpg",
            "imageLarge": "admin\/uploads\/05fc1e7837aa3e84f275ea297707439b.jpg",
            "imageSrc": "http:\/\/localhost\/coff_2.0\/admin\/uploads\/05fc1e7837aa3e84f275ea297707439b.jpg",
            "quantity": 1
        },
        "detected_format": [
            "formato_2 (id, quantity, price)"
        ],
        "processed": {
            "producto_id": 15,
            "cantidad": 1,
            "precio_unitario": 12000,
            "nombre": "caffe helado",
            "subtotal": 12000
        }
    }
]
[19-Jun-2025 23:50:05 Europe/Berlin] [2025-06-19 23:50:05] ✅ Validación de items exitosa
[2025-06-19 23:50:05] ✅ Validación de items exitosa
[19-Jun-2025 23:50:05 Europe/Berlin] [2025-06-19 23:50:05] ✅ Conexión a base de datos establecida
[2025-06-19 23:50:05] ✅ Conexión a base de datos establecida
[19-Jun-2025 23:50:05 Europe/Berlin] [2025-06-19 23:50:05] Transacción iniciada
[2025-06-19 23:50:05] Transacción iniciada
[19-Jun-2025 23:50:05 Europe/Berlin] [2025-06-19 23:50:05] Total calculado: 12000
[2025-06-19 23:50:05] Total calculado: 12000
[19-Jun-2025 23:50:05 Europe/Berlin] [2025-06-19 23:50:05] Items procesados | Data: [
    {
        "producto_id": 15,
        "nombre": "caffe helado",
        "cantidad": 1,
        "precio_unitario": 12000,
        "subtotal": 12000
    }
]
[2025-06-19 23:50:05] Items procesados | Data: [
    {
        "producto_id": 15,
        "nombre": "caffe helado",
        "cantidad": 1,
        "precio_unitario": 12000,
        "subtotal": 12000
    }
]
[19-Jun-2025 23:50:05 Europe/Berlin] [2025-06-19 23:50:05] ✅ Pedido principal insertado con ID: 19
[2025-06-19 23:50:05] ✅ Pedido principal insertado con ID: 19
[19-Jun-2025 23:50:05 Europe/Berlin] [2025-06-19 23:50:05] Detalle insertado | Data: {
    "producto_id": 15,
    "nombre": "caffe helado",
    "cantidad": 1,
    "precio_unitario": 12000,
    "subtotal": 12000
}
[2025-06-19 23:50:05] Detalle insertado | Data: {
    "producto_id": 15,
    "nombre": "caffe helado",
    "cantidad": 1,
    "precio_unitario": 12000,
    "subtotal": 12000
}
[19-Jun-2025 23:50:05 Europe/Berlin] [2025-06-19 23:50:05] ✅ Transacción confirmada exitosamente
[2025-06-19 23:50:05] ✅ Transacción confirmada exitosamente
[19-Jun-2025 23:50:05 Europe/Berlin] [2025-06-19 23:50:05] Detalles del pedido para factura | Data: [
    {
        "id": 19,
        "usuario_id": 10,
        "total": "12000.00",
        "fecha_pedido": "2025-06-19 16:50:05",
        "estado": "",
        "producto_id": 15,
        "cantidad": 1,
        "precio_unitario": "12000.00",
        "producto_nombre": "caffe helado"
    }
]
[2025-06-19 23:50:05] Detalles del pedido para factura | Data: [
    {
        "id": 19,
        "usuario_id": 10,
        "total": "12000.00",
        "fecha_pedido": "2025-06-19 16:50:05",
        "estado": "",
        "producto_id": 15,
        "cantidad": 1,
        "precio_unitario": "12000.00",
        "producto_nombre": "caffe helado"
    }
]
[19-Jun-2025 23:50:05 Europe/Berlin] [2025-06-19 23:50:05] ✅ RESPUESTA EXITOSA | Data: {
    "success": true,
    "message": "Pedido guardado exitosamente",
    "pedido_id": 19,
    "usuario_id": 10,
    "total": 12000,
    "items_count": 1,
    "factura_url": "\/coff_2.0\/factura.php?pedido_id=19&auto=1",
    "redirect_to_invoice": true,
    "debug_info": {
        "items_procesados": [
            {
                "producto_id": 15,
                "nombre": "caffe helado",
                "cantidad": 1,
                "precio_unitario": 12000,
                "subtotal": 12000
            }
        ],
        "total_calculado": 12000,
        "fecha_procesamiento": "2025-06-19 23:50:05",
        "detalles_bd": [
            {
                "id": 19,
                "usuario_id": 10,
                "total": "12000.00",
                "fecha_pedido": "2025-06-19 16:50:05",
                "estado": "",
                "producto_id": 15,
                "cantidad": 1,
                "precio_unitario": "12000.00",
                "producto_nombre": "caffe helado"
            }
        ]
    }
}
[2025-06-19 23:50:05] ✅ RESPUESTA EXITOSA | Data: {
    "success": true,
    "message": "Pedido guardado exitosamente",
    "pedido_id": 19,
    "usuario_id": 10,
    "total": 12000,
    "items_count": 1,
    "factura_url": "\/coff_2.0\/factura.php?pedido_id=19&auto=1",
    "redirect_to_invoice": true,
    "debug_info": {
        "items_procesados": [
            {
                "producto_id": 15,
                "nombre": "caffe helado",
                "cantidad": 1,
                "precio_unitario": 12000,
                "subtotal": 12000
            }
        ],
        "total_calculado": 12000,
        "fecha_procesamiento": "2025-06-19 23:50:05",
        "detalles_bd": [
            {
                "id": 19,
                "usuario_id": 10,
                "total": "12000.00",
                "fecha_pedido": "2025-06-19 16:50:05",
                "estado": "",
                "producto_id": 15,
                "cantidad": 1,
                "precio_unitario": "12000.00",
                "producto_nombre": "caffe helado"
            }
        ]
    }
}
[19-Jun-2025 23:50:05 Europe/Berlin] [2025-06-19 23:50:05] Conexión cerrada
[2025-06-19 23:50:05] Conexión cerrada
[19-Jun-2025 23:50:05 Europe/Berlin] [2025-06-19 23:50:05] === FIN GUARDAR_PEDIDO.PHP ===
[2025-06-19 23:50:05] === FIN GUARDAR_PEDIDO.PHP ===
[20-Jun-2025 00:00:37 Europe/Berlin] [2025-06-20 00:00:37] === INICIO GUARDAR_PEDIDO.PHP ===
[2025-06-20 00:00:37] === INICIO GUARDAR_PEDIDO.PHP ===
[20-Jun-2025 00:00:37 Europe/Berlin] [2025-06-20 00:00:37] Headers establecidos
[2025-06-20 00:00:37] Headers establecidos
[20-Jun-2025 00:00:37 Europe/Berlin] [2025-06-20 00:00:37] Método HTTP: POST
[2025-06-20 00:00:37] Método HTTP: POST
[20-Jun-2025 00:00:37 Europe/Berlin] [2025-06-20 00:00:37] Content-Type: application/json
[2025-06-20 00:00:37] Content-Type: application/json
[20-Jun-2025 00:00:37 Europe/Berlin] [2025-06-20 00:00:37] ✅ Usuario autenticado con ID: 10
[2025-06-20 00:00:37] ✅ Usuario autenticado con ID: 10
[20-Jun-2025 00:00:37 Europe/Berlin] [2025-06-20 00:00:37] Datos RAW recibidos: {"items":[{"id":"15","name":"caffe helado","priceText":"$12.000","price":12000,"description":"Energía al instante.","imageSmall":"http://localhost/coff_2.0/admin/uploads/05fc1e7837aa3e84f275ea297707439b.jpg","imageLarge":"admin/uploads/05fc1e7837aa3e84f275ea297707439b.jpg","imageSrc":"http://localhost/coff_2.0/admin/uploads/05fc1e7837aa3e84f275ea297707439b.jpg","quantity":1}],"paypal_transaction_id":"4AS921016P691570D","total_amount":12000}
[2025-06-20 00:00:37] Datos RAW recibidos: {"items":[{"id":"15","name":"caffe helado","priceText":"$12.000","price":12000,"description":"Energía al instante.","imageSmall":"http://localhost/coff_2.0/admin/uploads/05fc1e7837aa3e84f275ea297707439b.jpg","imageLarge":"admin/uploads/05fc1e7837aa3e84f275ea297707439b.jpg","imageSrc":"http://localhost/coff_2.0/admin/uploads/05fc1e7837aa3e84f275ea297707439b.jpg","quantity":1}],"paypal_transaction_id":"4AS921016P691570D","total_amount":12000}
[20-Jun-2025 00:00:37 Europe/Berlin] [2025-06-20 00:00:37] Datos JSON decodificados correctamente | Data: {
    "items": [
        {
            "id": "15",
            "name": "caffe helado",
            "priceText": "$12.000",
            "price": 12000,
            "description": "Energía al instante.",
            "imageSmall": "http:\/\/localhost\/coff_2.0\/admin\/uploads\/05fc1e7837aa3e84f275ea297707439b.jpg",
            "imageLarge": "admin\/uploads\/05fc1e7837aa3e84f275ea297707439b.jpg",
            "imageSrc": "http:\/\/localhost\/coff_2.0\/admin\/uploads\/05fc1e7837aa3e84f275ea297707439b.jpg",
            "quantity": 1
        }
    ],
    "paypal_transaction_id": "4AS921016P691570D",
    "total_amount": 12000
}
[2025-06-20 00:00:37] Datos JSON decodificados correctamente | Data: {
    "items": [
        {
            "id": "15",
            "name": "caffe helado",
            "priceText": "$12.000",
            "price": 12000,
            "description": "Energía al instante.",
            "imageSmall": "http:\/\/localhost\/coff_2.0\/admin\/uploads\/05fc1e7837aa3e84f275ea297707439b.jpg",
            "imageLarge": "admin\/uploads\/05fc1e7837aa3e84f275ea297707439b.jpg",
            "imageSrc": "http:\/\/localhost\/coff_2.0\/admin\/uploads\/05fc1e7837aa3e84f275ea297707439b.jpg",
            "quantity": 1
        }
    ],
    "paypal_transaction_id": "4AS921016P691570D",
    "total_amount": 12000
}
[20-Jun-2025 00:00:37 Europe/Berlin] [2025-06-20 00:00:37] Número de items en el carrito: 1
[2025-06-20 00:00:37] Número de items en el carrito: 1
[20-Jun-2025 00:00:37 Europe/Berlin] [2025-06-20 00:00:37] Validando item 0 | Data: {
    "id": "15",
    "name": "caffe helado",
    "priceText": "$12.000",
    "price": 12000,
    "description": "Energía al instante.",
    "imageSmall": "http:\/\/localhost\/coff_2.0\/admin\/uploads\/05fc1e7837aa3e84f275ea297707439b.jpg",
    "imageLarge": "admin\/uploads\/05fc1e7837aa3e84f275ea297707439b.jpg",
    "imageSrc": "http:\/\/localhost\/coff_2.0\/admin\/uploads\/05fc1e7837aa3e84f275ea297707439b.jpg",
    "quantity": 1
}
[2025-06-20 00:00:37] Validando item 0 | Data: {
    "id": "15",
    "name": "caffe helado",
    "priceText": "$12.000",
    "price": 12000,
    "description": "Energía al instante.",
    "imageSmall": "http:\/\/localhost\/coff_2.0\/admin\/uploads\/05fc1e7837aa3e84f275ea297707439b.jpg",
    "imageLarge": "admin\/uploads\/05fc1e7837aa3e84f275ea297707439b.jpg",
    "imageSrc": "http:\/\/localhost\/coff_2.0\/admin\/uploads\/05fc1e7837aa3e84f275ea297707439b.jpg",
    "quantity": 1
}
[20-Jun-2025 00:00:37 Europe/Berlin] [2025-06-20 00:00:37] Validación completa de items | Data: [
    {
        "index": 0,
        "raw_item": {
            "id": "15",
            "name": "caffe helado",
            "priceText": "$12.000",
            "price": 12000,
            "description": "Energía al instante.",
            "imageSmall": "http:\/\/localhost\/coff_2.0\/admin\/uploads\/05fc1e7837aa3e84f275ea297707439b.jpg",
            "imageLarge": "admin\/uploads\/05fc1e7837aa3e84f275ea297707439b.jpg",
            "imageSrc": "http:\/\/localhost\/coff_2.0\/admin\/uploads\/05fc1e7837aa3e84f275ea297707439b.jpg",
            "quantity": 1
        },
        "detected_format": [
            "formato_2 (id, quantity, price)"
        ],
        "processed": {
            "producto_id": 15,
            "cantidad": 1,
            "precio_unitario": 12000,
            "nombre": "caffe helado",
            "subtotal": 12000
        }
    }
]
[2025-06-20 00:00:37] Validación completa de items | Data: [
    {
        "index": 0,
        "raw_item": {
            "id": "15",
            "name": "caffe helado",
            "priceText": "$12.000",
            "price": 12000,
            "description": "Energía al instante.",
            "imageSmall": "http:\/\/localhost\/coff_2.0\/admin\/uploads\/05fc1e7837aa3e84f275ea297707439b.jpg",
            "imageLarge": "admin\/uploads\/05fc1e7837aa3e84f275ea297707439b.jpg",
            "imageSrc": "http:\/\/localhost\/coff_2.0\/admin\/uploads\/05fc1e7837aa3e84f275ea297707439b.jpg",
            "quantity": 1
        },
        "detected_format": [
            "formato_2 (id, quantity, price)"
        ],
        "processed": {
            "producto_id": 15,
            "cantidad": 1,
            "precio_unitario": 12000,
            "nombre": "caffe helado",
            "subtotal": 12000
        }
    }
]
[20-Jun-2025 00:00:37 Europe/Berlin] [2025-06-20 00:00:37] ✅ Validación de items exitosa
[2025-06-20 00:00:37] ✅ Validación de items exitosa
[20-Jun-2025 00:00:37 Europe/Berlin] [2025-06-20 00:00:37] ✅ Conexión a base de datos establecida
[2025-06-20 00:00:37] ✅ Conexión a base de datos establecida
[20-Jun-2025 00:00:37 Europe/Berlin] [2025-06-20 00:00:37] Transacción iniciada
[2025-06-20 00:00:37] Transacción iniciada
[20-Jun-2025 00:00:37 Europe/Berlin] [2025-06-20 00:00:37] Total calculado: 12000
[2025-06-20 00:00:37] Total calculado: 12000
[20-Jun-2025 00:00:37 Europe/Berlin] [2025-06-20 00:00:37] Items procesados | Data: [
    {
        "producto_id": 15,
        "nombre": "caffe helado",
        "cantidad": 1,
        "precio_unitario": 12000,
        "subtotal": 12000
    }
]
[2025-06-20 00:00:37] Items procesados | Data: [
    {
        "producto_id": 15,
        "nombre": "caffe helado",
        "cantidad": 1,
        "precio_unitario": 12000,
        "subtotal": 12000
    }
]
[20-Jun-2025 00:00:37 Europe/Berlin] [2025-06-20 00:00:37] ✅ Pedido principal insertado con ID: 20
[2025-06-20 00:00:37] ✅ Pedido principal insertado con ID: 20
[20-Jun-2025 00:00:37 Europe/Berlin] [2025-06-20 00:00:37] Detalle insertado | Data: {
    "producto_id": 15,
    "nombre": "caffe helado",
    "cantidad": 1,
    "precio_unitario": 12000,
    "subtotal": 12000
}
[2025-06-20 00:00:37] Detalle insertado | Data: {
    "producto_id": 15,
    "nombre": "caffe helado",
    "cantidad": 1,
    "precio_unitario": 12000,
    "subtotal": 12000
}
[20-Jun-2025 00:00:37 Europe/Berlin] [2025-06-20 00:00:37] ✅ Transacción confirmada exitosamente
[2025-06-20 00:00:37] ✅ Transacción confirmada exitosamente
[20-Jun-2025 00:00:37 Europe/Berlin] [2025-06-20 00:00:37] Detalles del pedido para factura | Data: [
    {
        "id": 20,
        "usuario_id": 10,
        "total": "12000.00",
        "fecha_pedido": "2025-06-19 17:00:37",
        "estado": "",
        "producto_id": 15,
        "cantidad": 1,
        "precio_unitario": "12000.00",
        "producto_nombre": "caffe helado"
    }
]
[2025-06-20 00:00:37] Detalles del pedido para factura | Data: [
    {
        "id": 20,
        "usuario_id": 10,
        "total": "12000.00",
        "fecha_pedido": "2025-06-19 17:00:37",
        "estado": "",
        "producto_id": 15,
        "cantidad": 1,
        "precio_unitario": "12000.00",
        "producto_nombre": "caffe helado"
    }
]
[20-Jun-2025 00:00:37 Europe/Berlin] [2025-06-20 00:00:37] ✅ RESPUESTA EXITOSA | Data: {
    "success": true,
    "message": "Pedido guardado exitosamente",
    "pedido_id": 20,
    "usuario_id": 10,
    "total": 12000,
    "items_count": 1,
    "factura_url": "\/coff_2.0\/factura.php?pedido_id=20&auto=1",
    "redirect_to_invoice": true,
    "debug_info": {
        "items_procesados": [
            {
                "producto_id": 15,
                "nombre": "caffe helado",
                "cantidad": 1,
                "precio_unitario": 12000,
                "subtotal": 12000
            }
        ],
        "total_calculado": 12000,
        "fecha_procesamiento": "2025-06-20 00:00:37",
        "detalles_bd": [
            {
                "id": 20,
                "usuario_id": 10,
                "total": "12000.00",
                "fecha_pedido": "2025-06-19 17:00:37",
                "estado": "",
                "producto_id": 15,
                "cantidad": 1,
                "precio_unitario": "12000.00",
                "producto_nombre": "caffe helado"
            }
        ]
    }
}
[2025-06-20 00:00:37] ✅ RESPUESTA EXITOSA | Data: {
    "success": true,
    "message": "Pedido guardado exitosamente",
    "pedido_id": 20,
    "usuario_id": 10,
    "total": 12000,
    "items_count": 1,
    "factura_url": "\/coff_2.0\/factura.php?pedido_id=20&auto=1",
    "redirect_to_invoice": true,
    "debug_info": {
        "items_procesados": [
            {
                "producto_id": 15,
                "nombre": "caffe helado",
                "cantidad": 1,
                "precio_unitario": 12000,
                "subtotal": 12000
            }
        ],
        "total_calculado": 12000,
        "fecha_procesamiento": "2025-06-20 00:00:37",
        "detalles_bd": [
            {
                "id": 20,
                "usuario_id": 10,
                "total": "12000.00",
                "fecha_pedido": "2025-06-19 17:00:37",
                "estado": "",
                "producto_id": 15,
                "cantidad": 1,
                "precio_unitario": "12000.00",
                "producto_nombre": "caffe helado"
            }
        ]
    }
}
[20-Jun-2025 00:00:37 Europe/Berlin] [2025-06-20 00:00:37] Conexión cerrada
[2025-06-20 00:00:37] Conexión cerrada
[20-Jun-2025 00:00:37 Europe/Berlin] [2025-06-20 00:00:37] === FIN GUARDAR_PEDIDO.PHP ===
[2025-06-20 00:00:37] === FIN GUARDAR_PEDIDO.PHP ===
[20-Jun-2025 00:02:02 Europe/Berlin] [2025-06-20 00:02:02] === INICIO GUARDAR_PEDIDO.PHP ===
[2025-06-20 00:02:02] === INICIO GUARDAR_PEDIDO.PHP ===
[20-Jun-2025 00:02:02 Europe/Berlin] [2025-06-20 00:02:02] Headers establecidos
[2025-06-20 00:02:02] Headers establecidos
[20-Jun-2025 00:02:02 Europe/Berlin] [2025-06-20 00:02:02] Método HTTP: POST
[2025-06-20 00:02:02] Método HTTP: POST
[20-Jun-2025 00:02:02 Europe/Berlin] [2025-06-20 00:02:02] Content-Type: application/json
[2025-06-20 00:02:02] Content-Type: application/json
[20-Jun-2025 00:02:02 Europe/Berlin] [2025-06-20 00:02:02] ✅ Usuario autenticado con ID: 10
[2025-06-20 00:02:02] ✅ Usuario autenticado con ID: 10
[20-Jun-2025 00:02:02 Europe/Berlin] [2025-06-20 00:02:02] Datos RAW recibidos: {"items":[{"id":"16","name":"caffe irish","priceText":"$30.000","price":30000,"description":"Café con actitud.","imageSmall":"http://localhost/coff_2.0/admin/uploads/5ccdaca84a15255bffcc0a1058df6960.jpg","imageLarge":"admin/uploads/5ccdaca84a15255bffcc0a1058df6960.jpg","imageSrc":"http://localhost/coff_2.0/admin/uploads/5ccdaca84a15255bffcc0a1058df6960.jpg","quantity":1}],"paypal_transaction_id":"1EB25562D85388925","total_amount":30000}
[2025-06-20 00:02:02] Datos RAW recibidos: {"items":[{"id":"16","name":"caffe irish","priceText":"$30.000","price":30000,"description":"Café con actitud.","imageSmall":"http://localhost/coff_2.0/admin/uploads/5ccdaca84a15255bffcc0a1058df6960.jpg","imageLarge":"admin/uploads/5ccdaca84a15255bffcc0a1058df6960.jpg","imageSrc":"http://localhost/coff_2.0/admin/uploads/5ccdaca84a15255bffcc0a1058df6960.jpg","quantity":1}],"paypal_transaction_id":"1EB25562D85388925","total_amount":30000}
[20-Jun-2025 00:02:02 Europe/Berlin] [2025-06-20 00:02:02] Datos JSON decodificados correctamente | Data: {
    "items": [
        {
            "id": "16",
            "name": "caffe irish",
            "priceText": "$30.000",
            "price": 30000,
            "description": "Café con actitud.",
            "imageSmall": "http:\/\/localhost\/coff_2.0\/admin\/uploads\/5ccdaca84a15255bffcc0a1058df6960.jpg",
            "imageLarge": "admin\/uploads\/5ccdaca84a15255bffcc0a1058df6960.jpg",
            "imageSrc": "http:\/\/localhost\/coff_2.0\/admin\/uploads\/5ccdaca84a15255bffcc0a1058df6960.jpg",
            "quantity": 1
        }
    ],
    "paypal_transaction_id": "1EB25562D85388925",
    "total_amount": 30000
}
[2025-06-20 00:02:02] Datos JSON decodificados correctamente | Data: {
    "items": [
        {
            "id": "16",
            "name": "caffe irish",
            "priceText": "$30.000",
            "price": 30000,
            "description": "Café con actitud.",
            "imageSmall": "http:\/\/localhost\/coff_2.0\/admin\/uploads\/5ccdaca84a15255bffcc0a1058df6960.jpg",
            "imageLarge": "admin\/uploads\/5ccdaca84a15255bffcc0a1058df6960.jpg",
            "imageSrc": "http:\/\/localhost\/coff_2.0\/admin\/uploads\/5ccdaca84a15255bffcc0a1058df6960.jpg",
            "quantity": 1
        }
    ],
    "paypal_transaction_id": "1EB25562D85388925",
    "total_amount": 30000
}
[20-Jun-2025 00:02:02 Europe/Berlin] [2025-06-20 00:02:02] Número de items en el carrito: 1
[2025-06-20 00:02:02] Número de items en el carrito: 1
[20-Jun-2025 00:02:02 Europe/Berlin] [2025-06-20 00:02:02] Validando item 0 | Data: {
    "id": "16",
    "name": "caffe irish",
    "priceText": "$30.000",
    "price": 30000,
    "description": "Café con actitud.",
    "imageSmall": "http:\/\/localhost\/coff_2.0\/admin\/uploads\/5ccdaca84a15255bffcc0a1058df6960.jpg",
    "imageLarge": "admin\/uploads\/5ccdaca84a15255bffcc0a1058df6960.jpg",
    "imageSrc": "http:\/\/localhost\/coff_2.0\/admin\/uploads\/5ccdaca84a15255bffcc0a1058df6960.jpg",
    "quantity": 1
}
[2025-06-20 00:02:02] Validando item 0 | Data: {
    "id": "16",
    "name": "caffe irish",
    "priceText": "$30.000",
    "price": 30000,
    "description": "Café con actitud.",
    "imageSmall": "http:\/\/localhost\/coff_2.0\/admin\/uploads\/5ccdaca84a15255bffcc0a1058df6960.jpg",
    "imageLarge": "admin\/uploads\/5ccdaca84a15255bffcc0a1058df6960.jpg",
    "imageSrc": "http:\/\/localhost\/coff_2.0\/admin\/uploads\/5ccdaca84a15255bffcc0a1058df6960.jpg",
    "quantity": 1
}
[20-Jun-2025 00:02:02 Europe/Berlin] [2025-06-20 00:02:02] Validación completa de items | Data: [
    {
        "index": 0,
        "raw_item": {
            "id": "16",
            "name": "caffe irish",
            "priceText": "$30.000",
            "price": 30000,
            "description": "Café con actitud.",
            "imageSmall": "http:\/\/localhost\/coff_2.0\/admin\/uploads\/5ccdaca84a15255bffcc0a1058df6960.jpg",
            "imageLarge": "admin\/uploads\/5ccdaca84a15255bffcc0a1058df6960.jpg",
            "imageSrc": "http:\/\/localhost\/coff_2.0\/admin\/uploads\/5ccdaca84a15255bffcc0a1058df6960.jpg",
            "quantity": 1
        },
        "detected_format": [
            "formato_2 (id, quantity, price)"
        ],
        "processed": {
            "producto_id": 16,
            "cantidad": 1,
            "precio_unitario": 30000,
            "nombre": "caffe irish",
            "subtotal": 30000
        }
    }
]
[2025-06-20 00:02:02] Validación completa de items | Data: [
    {
        "index": 0,
        "raw_item": {
            "id": "16",
            "name": "caffe irish",
            "priceText": "$30.000",
            "price": 30000,
            "description": "Café con actitud.",
            "imageSmall": "http:\/\/localhost\/coff_2.0\/admin\/uploads\/5ccdaca84a15255bffcc0a1058df6960.jpg",
            "imageLarge": "admin\/uploads\/5ccdaca84a15255bffcc0a1058df6960.jpg",
            "imageSrc": "http:\/\/localhost\/coff_2.0\/admin\/uploads\/5ccdaca84a15255bffcc0a1058df6960.jpg",
            "quantity": 1
        },
        "detected_format": [
            "formato_2 (id, quantity, price)"
        ],
        "processed": {
            "producto_id": 16,
            "cantidad": 1,
            "precio_unitario": 30000,
            "nombre": "caffe irish",
            "subtotal": 30000
        }
    }
]
[20-Jun-2025 00:02:02 Europe/Berlin] [2025-06-20 00:02:02] ✅ Validación de items exitosa
[2025-06-20 00:02:02] ✅ Validación de items exitosa
[20-Jun-2025 00:02:02 Europe/Berlin] [2025-06-20 00:02:02] ✅ Conexión a base de datos establecida
[2025-06-20 00:02:02] ✅ Conexión a base de datos establecida
[20-Jun-2025 00:02:02 Europe/Berlin] [2025-06-20 00:02:02] Transacción iniciada
[2025-06-20 00:02:02] Transacción iniciada
[20-Jun-2025 00:02:02 Europe/Berlin] [2025-06-20 00:02:02] Total calculado: 30000
[2025-06-20 00:02:02] Total calculado: 30000
[20-Jun-2025 00:02:02 Europe/Berlin] [2025-06-20 00:02:02] Items procesados | Data: [
    {
        "producto_id": 16,
        "nombre": "caffe irish",
        "cantidad": 1,
        "precio_unitario": 30000,
        "subtotal": 30000
    }
]
[2025-06-20 00:02:02] Items procesados | Data: [
    {
        "producto_id": 16,
        "nombre": "caffe irish",
        "cantidad": 1,
        "precio_unitario": 30000,
        "subtotal": 30000
    }
]
[20-Jun-2025 00:02:02 Europe/Berlin] [2025-06-20 00:02:02] ✅ Pedido principal insertado con ID: 21
[2025-06-20 00:02:02] ✅ Pedido principal insertado con ID: 21
[20-Jun-2025 00:02:02 Europe/Berlin] [2025-06-20 00:02:02] Detalle insertado | Data: {
    "producto_id": 16,
    "nombre": "caffe irish",
    "cantidad": 1,
    "precio_unitario": 30000,
    "subtotal": 30000
}
[2025-06-20 00:02:02] Detalle insertado | Data: {
    "producto_id": 16,
    "nombre": "caffe irish",
    "cantidad": 1,
    "precio_unitario": 30000,
    "subtotal": 30000
}
[20-Jun-2025 00:02:02 Europe/Berlin] [2025-06-20 00:02:02] ✅ Transacción confirmada exitosamente
[2025-06-20 00:02:02] ✅ Transacción confirmada exitosamente
[20-Jun-2025 00:02:02 Europe/Berlin] [2025-06-20 00:02:02] Detalles del pedido para factura | Data: [
    {
        "id": 21,
        "usuario_id": 10,
        "total": "30000.00",
        "fecha_pedido": "2025-06-19 17:02:02",
        "estado": "",
        "producto_id": 16,
        "cantidad": 1,
        "precio_unitario": "30000.00",
        "producto_nombre": "caffe irish"
    }
]
[2025-06-20 00:02:02] Detalles del pedido para factura | Data: [
    {
        "id": 21,
        "usuario_id": 10,
        "total": "30000.00",
        "fecha_pedido": "2025-06-19 17:02:02",
        "estado": "",
        "producto_id": 16,
        "cantidad": 1,
        "precio_unitario": "30000.00",
        "producto_nombre": "caffe irish"
    }
]
[20-Jun-2025 00:02:02 Europe/Berlin] [2025-06-20 00:02:02] ✅ RESPUESTA EXITOSA | Data: {
    "success": true,
    "message": "Pedido guardado exitosamente",
    "pedido_id": 21,
    "usuario_id": 10,
    "total": 30000,
    "items_count": 1,
    "factura_url": "\/coff_2.0\/factura.php?pedido_id=21&auto=1",
    "redirect_to_invoice": true,
    "debug_info": {
        "items_procesados": [
            {
                "producto_id": 16,
                "nombre": "caffe irish",
                "cantidad": 1,
                "precio_unitario": 30000,
                "subtotal": 30000
            }
        ],
        "total_calculado": 30000,
        "fecha_procesamiento": "2025-06-20 00:02:02",
        "detalles_bd": [
            {
                "id": 21,
                "usuario_id": 10,
                "total": "30000.00",
                "fecha_pedido": "2025-06-19 17:02:02",
                "estado": "",
                "producto_id": 16,
                "cantidad": 1,
                "precio_unitario": "30000.00",
                "producto_nombre": "caffe irish"
            }
        ]
    }
}
[2025-06-20 00:02:02] ✅ RESPUESTA EXITOSA | Data: {
    "success": true,
    "message": "Pedido guardado exitosamente",
    "pedido_id": 21,
    "usuario_id": 10,
    "total": 30000,
    "items_count": 1,
    "factura_url": "\/coff_2.0\/factura.php?pedido_id=21&auto=1",
    "redirect_to_invoice": true,
    "debug_info": {
        "items_procesados": [
            {
                "producto_id": 16,
                "nombre": "caffe irish",
                "cantidad": 1,
                "precio_unitario": 30000,
                "subtotal": 30000
            }
        ],
        "total_calculado": 30000,
        "fecha_procesamiento": "2025-06-20 00:02:02",
        "detalles_bd": [
            {
                "id": 21,
                "usuario_id": 10,
                "total": "30000.00",
                "fecha_pedido": "2025-06-19 17:02:02",
                "estado": "",
                "producto_id": 16,
                "cantidad": 1,
                "precio_unitario": "30000.00",
                "producto_nombre": "caffe irish"
            }
        ]
    }
}
[20-Jun-2025 00:02:02 Europe/Berlin] [2025-06-20 00:02:02] Conexión cerrada
[2025-06-20 00:02:02] Conexión cerrada
[20-Jun-2025 00:02:02 Europe/Berlin] [2025-06-20 00:02:02] === FIN GUARDAR_PEDIDO.PHP ===
[2025-06-20 00:02:02] === FIN GUARDAR_PEDIDO.PHP ===
[20-Jun-2025 00:04:12 Europe/Berlin] [2025-06-20 00:04:12] === INICIO GUARDAR_PEDIDO.PHP ===
[2025-06-20 00:04:12] === INICIO GUARDAR_PEDIDO.PHP ===
[20-Jun-2025 00:04:12 Europe/Berlin] [2025-06-20 00:04:12] Headers establecidos
[2025-06-20 00:04:12] Headers establecidos
[20-Jun-2025 00:04:12 Europe/Berlin] [2025-06-20 00:04:12] Método HTTP: POST
[2025-06-20 00:04:12] Método HTTP: POST
[20-Jun-2025 00:04:12 Europe/Berlin] [2025-06-20 00:04:12] Content-Type: application/json
[2025-06-20 00:04:12] Content-Type: application/json
[20-Jun-2025 00:04:12 Europe/Berlin] [2025-06-20 00:04:12] ✅ Usuario autenticado con ID: 10
[2025-06-20 00:04:12] ✅ Usuario autenticado con ID: 10
[20-Jun-2025 00:04:12 Europe/Berlin] [2025-06-20 00:04:12] Datos RAW recibidos: {"items":[{"id":"16","name":"caffe irish","priceText":"$30.000","price":30000,"description":"Café con actitud.","imageSmall":"http://localhost/coff_2.0/admin/uploads/5ccdaca84a15255bffcc0a1058df6960.jpg","imageLarge":"admin/uploads/5ccdaca84a15255bffcc0a1058df6960.jpg","imageSrc":"http://localhost/coff_2.0/admin/uploads/5ccdaca84a15255bffcc0a1058df6960.jpg","quantity":1}],"paypal_transaction_id":"56A97333L5046431M","total_amount":30000}
[2025-06-20 00:04:12] Datos RAW recibidos: {"items":[{"id":"16","name":"caffe irish","priceText":"$30.000","price":30000,"description":"Café con actitud.","imageSmall":"http://localhost/coff_2.0/admin/uploads/5ccdaca84a15255bffcc0a1058df6960.jpg","imageLarge":"admin/uploads/5ccdaca84a15255bffcc0a1058df6960.jpg","imageSrc":"http://localhost/coff_2.0/admin/uploads/5ccdaca84a15255bffcc0a1058df6960.jpg","quantity":1}],"paypal_transaction_id":"56A97333L5046431M","total_amount":30000}
[20-Jun-2025 00:04:12 Europe/Berlin] [2025-06-20 00:04:12] Datos JSON decodificados correctamente | Data: {
    "items": [
        {
            "id": "16",
            "name": "caffe irish",
            "priceText": "$30.000",
            "price": 30000,
            "description": "Café con actitud.",
            "imageSmall": "http:\/\/localhost\/coff_2.0\/admin\/uploads\/5ccdaca84a15255bffcc0a1058df6960.jpg",
            "imageLarge": "admin\/uploads\/5ccdaca84a15255bffcc0a1058df6960.jpg",
            "imageSrc": "http:\/\/localhost\/coff_2.0\/admin\/uploads\/5ccdaca84a15255bffcc0a1058df6960.jpg",
            "quantity": 1
        }
    ],
    "paypal_transaction_id": "56A97333L5046431M",
    "total_amount": 30000
}
[2025-06-20 00:04:12] Datos JSON decodificados correctamente | Data: {
    "items": [
        {
            "id": "16",
            "name": "caffe irish",
            "priceText": "$30.000",
            "price": 30000,
            "description": "Café con actitud.",
            "imageSmall": "http:\/\/localhost\/coff_2.0\/admin\/uploads\/5ccdaca84a15255bffcc0a1058df6960.jpg",
            "imageLarge": "admin\/uploads\/5ccdaca84a15255bffcc0a1058df6960.jpg",
            "imageSrc": "http:\/\/localhost\/coff_2.0\/admin\/uploads\/5ccdaca84a15255bffcc0a1058df6960.jpg",
            "quantity": 1
        }
    ],
    "paypal_transaction_id": "56A97333L5046431M",
    "total_amount": 30000
}
[20-Jun-2025 00:04:12 Europe/Berlin] [2025-06-20 00:04:12] Número de items en el carrito: 1
[2025-06-20 00:04:12] Número de items en el carrito: 1
[20-Jun-2025 00:04:12 Europe/Berlin] [2025-06-20 00:04:12] Validando item 0 | Data: {
    "id": "16",
    "name": "caffe irish",
    "priceText": "$30.000",
    "price": 30000,
    "description": "Café con actitud.",
    "imageSmall": "http:\/\/localhost\/coff_2.0\/admin\/uploads\/5ccdaca84a15255bffcc0a1058df6960.jpg",
    "imageLarge": "admin\/uploads\/5ccdaca84a15255bffcc0a1058df6960.jpg",
    "imageSrc": "http:\/\/localhost\/coff_2.0\/admin\/uploads\/5ccdaca84a15255bffcc0a1058df6960.jpg",
    "quantity": 1
}
[2025-06-20 00:04:12] Validando item 0 | Data: {
    "id": "16",
    "name": "caffe irish",
    "priceText": "$30.000",
    "price": 30000,
    "description": "Café con actitud.",
    "imageSmall": "http:\/\/localhost\/coff_2.0\/admin\/uploads\/5ccdaca84a15255bffcc0a1058df6960.jpg",
    "imageLarge": "admin\/uploads\/5ccdaca84a15255bffcc0a1058df6960.jpg",
    "imageSrc": "http:\/\/localhost\/coff_2.0\/admin\/uploads\/5ccdaca84a15255bffcc0a1058df6960.jpg",
    "quantity": 1
}
[20-Jun-2025 00:04:12 Europe/Berlin] [2025-06-20 00:04:12] Validación completa de items | Data: [
    {
        "index": 0,
        "raw_item": {
            "id": "16",
            "name": "caffe irish",
            "priceText": "$30.000",
            "price": 30000,
            "description": "Café con actitud.",
            "imageSmall": "http:\/\/localhost\/coff_2.0\/admin\/uploads\/5ccdaca84a15255bffcc0a1058df6960.jpg",
            "imageLarge": "admin\/uploads\/5ccdaca84a15255bffcc0a1058df6960.jpg",
            "imageSrc": "http:\/\/localhost\/coff_2.0\/admin\/uploads\/5ccdaca84a15255bffcc0a1058df6960.jpg",
            "quantity": 1
        },
        "detected_format": [
            "formato_2 (id, quantity, price)"
        ],
        "processed": {
            "producto_id": 16,
            "cantidad": 1,
            "precio_unitario": 30000,
            "nombre": "caffe irish",
            "subtotal": 30000
        }
    }
]
[2025-06-20 00:04:12] Validación completa de items | Data: [
    {
        "index": 0,
        "raw_item": {
            "id": "16",
            "name": "caffe irish",
            "priceText": "$30.000",
            "price": 30000,
            "description": "Café con actitud.",
            "imageSmall": "http:\/\/localhost\/coff_2.0\/admin\/uploads\/5ccdaca84a15255bffcc0a1058df6960.jpg",
            "imageLarge": "admin\/uploads\/5ccdaca84a15255bffcc0a1058df6960.jpg",
            "imageSrc": "http:\/\/localhost\/coff_2.0\/admin\/uploads\/5ccdaca84a15255bffcc0a1058df6960.jpg",
            "quantity": 1
        },
        "detected_format": [
            "formato_2 (id, quantity, price)"
        ],
        "processed": {
            "producto_id": 16,
            "cantidad": 1,
            "precio_unitario": 30000,
            "nombre": "caffe irish",
            "subtotal": 30000
        }
    }
]
[20-Jun-2025 00:04:12 Europe/Berlin] [2025-06-20 00:04:12] ✅ Validación de items exitosa
[2025-06-20 00:04:12] ✅ Validación de items exitosa
[20-Jun-2025 00:04:12 Europe/Berlin] [2025-06-20 00:04:12] ✅ Conexión a base de datos establecida
[2025-06-20 00:04:12] ✅ Conexión a base de datos establecida
[20-Jun-2025 00:04:12 Europe/Berlin] [2025-06-20 00:04:12] Transacción iniciada
[2025-06-20 00:04:12] Transacción iniciada
[20-Jun-2025 00:04:12 Europe/Berlin] [2025-06-20 00:04:12] Total calculado: 30000
[2025-06-20 00:04:12] Total calculado: 30000
[20-Jun-2025 00:04:12 Europe/Berlin] [2025-06-20 00:04:12] Items procesados | Data: [
    {
        "producto_id": 16,
        "nombre": "caffe irish",
        "cantidad": 1,
        "precio_unitario": 30000,
        "subtotal": 30000
    }
]
[2025-06-20 00:04:12] Items procesados | Data: [
    {
        "producto_id": 16,
        "nombre": "caffe irish",
        "cantidad": 1,
        "precio_unitario": 30000,
        "subtotal": 30000
    }
]
[20-Jun-2025 00:04:12 Europe/Berlin] [2025-06-20 00:04:12] ✅ Pedido principal insertado con ID: 22
[2025-06-20 00:04:12] ✅ Pedido principal insertado con ID: 22
[20-Jun-2025 00:04:12 Europe/Berlin] [2025-06-20 00:04:12] Detalle insertado | Data: {
    "producto_id": 16,
    "nombre": "caffe irish",
    "cantidad": 1,
    "precio_unitario": 30000,
    "subtotal": 30000
}
[2025-06-20 00:04:12] Detalle insertado | Data: {
    "producto_id": 16,
    "nombre": "caffe irish",
    "cantidad": 1,
    "precio_unitario": 30000,
    "subtotal": 30000
}
[20-Jun-2025 00:04:12 Europe/Berlin] [2025-06-20 00:04:12] ✅ Transacción confirmada exitosamente
[2025-06-20 00:04:12] ✅ Transacción confirmada exitosamente
[20-Jun-2025 00:04:12 Europe/Berlin] [2025-06-20 00:04:12] Detalles del pedido para factura | Data: [
    {
        "id": 22,
        "usuario_id": 10,
        "total": "30000.00",
        "fecha_pedido": "2025-06-19 17:04:12",
        "estado": "",
        "producto_id": 16,
        "cantidad": 1,
        "precio_unitario": "30000.00",
        "producto_nombre": "caffe irish"
    }
]
[2025-06-20 00:04:12] Detalles del pedido para factura | Data: [
    {
        "id": 22,
        "usuario_id": 10,
        "total": "30000.00",
        "fecha_pedido": "2025-06-19 17:04:12",
        "estado": "",
        "producto_id": 16,
        "cantidad": 1,
        "precio_unitario": "30000.00",
        "producto_nombre": "caffe irish"
    }
]
[20-Jun-2025 00:04:12 Europe/Berlin] [2025-06-20 00:04:12] ✅ RESPUESTA EXITOSA | Data: {
    "success": true,
    "message": "Pedido guardado exitosamente",
    "pedido_id": 22,
    "usuario_id": 10,
    "total": 30000,
    "items_count": 1,
    "factura_url": "\/coff_2.0\/factura.php?pedido_id=22&auto=1",
    "redirect_to_invoice": true,
    "debug_info": {
        "items_procesados": [
            {
                "producto_id": 16,
                "nombre": "caffe irish",
                "cantidad": 1,
                "precio_unitario": 30000,
                "subtotal": 30000
            }
        ],
        "total_calculado": 30000,
        "fecha_procesamiento": "2025-06-20 00:04:12",
        "detalles_bd": [
            {
                "id": 22,
                "usuario_id": 10,
                "total": "30000.00",
                "fecha_pedido": "2025-06-19 17:04:12",
                "estado": "",
                "producto_id": 16,
                "cantidad": 1,
                "precio_unitario": "30000.00",
                "producto_nombre": "caffe irish"
            }
        ]
    }
}
[2025-06-20 00:04:12] ✅ RESPUESTA EXITOSA | Data: {
    "success": true,
    "message": "Pedido guardado exitosamente",
    "pedido_id": 22,
    "usuario_id": 10,
    "total": 30000,
    "items_count": 1,
    "factura_url": "\/coff_2.0\/factura.php?pedido_id=22&auto=1",
    "redirect_to_invoice": true,
    "debug_info": {
        "items_procesados": [
            {
                "producto_id": 16,
                "nombre": "caffe irish",
                "cantidad": 1,
                "precio_unitario": 30000,
                "subtotal": 30000
            }
        ],
        "total_calculado": 30000,
        "fecha_procesamiento": "2025-06-20 00:04:12",
        "detalles_bd": [
            {
                "id": 22,
                "usuario_id": 10,
                "total": "30000.00",
                "fecha_pedido": "2025-06-19 17:04:12",
                "estado": "",
                "producto_id": 16,
                "cantidad": 1,
                "precio_unitario": "30000.00",
                "producto_nombre": "caffe irish"
            }
        ]
    }
}
[20-Jun-2025 00:04:12 Europe/Berlin] [2025-06-20 00:04:12] Conexión cerrada
[2025-06-20 00:04:12] Conexión cerrada
[20-Jun-2025 00:04:12 Europe/Berlin] [2025-06-20 00:04:12] === FIN GUARDAR_PEDIDO.PHP ===
[2025-06-20 00:04:12] === FIN GUARDAR_PEDIDO.PHP ===
